<?xml version="1.0" encoding="UTF-8"?>
<!-- Generated by org.testng.reporters.JUnitXMLReporter -->
<testsuite hostname="ATMECSINLT-033" ignored="0" name="Test" tests="6" failures="0" timestamp="14 Nov 2019 06:08:20 GMT" time="39.775" errors="0">
  <testcase name="menuClick" time="4.636" classname="com.atmecs.scripts.HeatClinic"/>
  <testcase name="menuClick" time="4.124" classname="com.atmecs.scripts.HeatClinic"/>
  <testcase name="menuClick" time="3.699" classname="com.atmecs.scripts.HeatClinic"/>
  <testcase name="menuClick" time="3.534" classname="com.atmecs.scripts.HeatClinic"/>
  <testcase name="menuClick" time="3.464" classname="com.atmecs.scripts.HeatClinic"/>
  <testcase name="menuTravelTest" time="5.607" classname="com.atmecs.scripts.HeatClinic"/>
</testsuite> <!-- Test -->
