<?xml version="1.0" encoding="UTF-8"?>
<!-- Generated by org.testng.reporters.JUnitXMLReporter -->
<testsuite hostname="ATMECSINLT-033" ignored="0" name="Test" tests="5" failures="0" timestamp="14 Nov 2019 06:08:58 GMT" time="38.589" errors="0">
  <testcase name="homePageLandingValidation" time="0.106" classname="com.atmecs.scripts.TutorialsNinjaScript"/>
  <testcase name="pageflowValidations" time="9.065" classname="com.atmecs.scripts.TutorialsNinjaScript"/>
  <testcase name="pageflowValidations" time="6.049" classname="com.atmecs.scripts.TutorialsNinjaScript"/>
  <testcase name="cartflowValidations" time="7.452" classname="com.atmecs.scripts.TutorialsNinjaScript"/>
  <testcase name="negativeDataValidation" time="0.938" classname="com.atmecs.scripts.TutorialsNinjaScript"/>
</testsuite> <!-- Test -->
