<?xml version="1.0" encoding="UTF-8"?>
<!-- Generated by org.testng.reporters.JUnitXMLReporter -->
<testsuite hostname="ATMECSINLT-033" ignored="0" name="Test" tests="5" failures="0" timestamp="12 Nov 2019 09:14:52 GMT" time="23.892" errors="0">
  <testcase name="homePageLandingValidation" time="0.026" classname="com.atmecs.scripts.TutorialsNinjaScript"/>
  <testcase name="pageflowValidations" time="3.895" classname="com.atmecs.scripts.TutorialsNinjaScript"/>
  <testcase name="pageflowValidations" time="2.728" classname="com.atmecs.scripts.TutorialsNinjaScript"/>
  <testcase name="cartflowValidations" time="2.931" classname="com.atmecs.scripts.TutorialsNinjaScript"/>
  <testcase name="negativeDataValidation" time="0.896" classname="com.atmecs.scripts.TutorialsNinjaScript"/>
</testsuite> <!-- Test -->
