<?xml version="1.0" encoding="UTF-8"?>
<!-- Generated by org.testng.reporters.JUnitXMLReporter -->
<testsuite hostname="ATMECSINLT-033" ignored="0" name="Default test" tests="5" failures="0" timestamp="14 Nov 2019 06:03:59 GMT" time="35.93" errors="0">
  <testcase name="homePageLandingValidation" time="0.128" classname="com.atmecs.scripts.TutorialsNinjaScript"/>
  <testcase name="pageflowValidations" time="6.126" classname="com.atmecs.scripts.TutorialsNinjaScript"/>
  <testcase name="pageflowValidations" time="3.21" classname="com.atmecs.scripts.TutorialsNinjaScript"/>
  <testcase name="cartflowValidations" time="9.296" classname="com.atmecs.scripts.TutorialsNinjaScript"/>
  <testcase name="negativeDataValidation" time="0.965" classname="com.atmecs.scripts.TutorialsNinjaScript"/>
</testsuite> <!-- Default test -->
