<?xml version="1.0" encoding="UTF-8"?>
<testng-results skipped="0" failed="0" ignored="0" total="11" passed="11">
  <reporter-output>
  </reporter-output>
  <suite name="TutorialsNinjaSuite" duration-ms="38589" started-at="2019-11-14T06:08:20Z" finished-at="2019-11-14T06:08:58Z">
    <groups>
    </groups>
    <test name="Test" duration-ms="38589" started-at="2019-11-14T06:08:20Z" finished-at="2019-11-14T06:08:58Z">
      <class name="com.atmecs.scripts.TutorialsNinjaScript">
        <test-method status="PASS" signature="intitailizeBrowser()[pri:0, instance:com.atmecs.scripts.TutorialsNinjaScript@6cc4c815]" name="intitailizeBrowser" is-config="true" duration-ms="5316" started-at="2019-11-14T06:08:20Z" finished-at="2019-11-14T06:08:25Z">
          <reporter-output>
          </reporter-output>
        </test-method> <!-- intitailizeBrowser -->
        <test-method status="PASS" signature="urlqw()[pri:0, instance:com.atmecs.scripts.TutorialsNinjaScript@6cc4c815]" name="urlqw" is-config="true" duration-ms="8446" started-at="2019-11-14T06:08:25Z" finished-at="2019-11-14T06:08:33Z">
          <reporter-output>
          </reporter-output>
        </test-method> <!-- urlqw -->
        <test-method status="PASS" signature="homePageLandingValidation()[pri:1, instance:com.atmecs.scripts.TutorialsNinjaScript@6cc4c815]" name="homePageLandingValidation" duration-ms="106" started-at="2019-11-14T06:08:33Z" finished-at="2019-11-14T06:08:34Z">
          <reporter-output>
          </reporter-output>
        </test-method> <!-- homePageLandingValidation -->
        <test-method status="PASS" signature="pageflowValidations(java.lang.String, java.lang.String, java.lang.String, java.lang.String)[pri:2, instance:com.atmecs.scripts.TutorialsNinjaScript@6cc4c815]" name="pageflowValidations" duration-ms="9065" started-at="2019-11-14T06:08:34Z" data-provider="TutorialsNinja" finished-at="2019-11-14T06:08:43Z">
          <params>
            <param index="0">
              <value>
                <![CDATA[iPhone]]>
              </value>
            </param>
            <param index="1">
              <value>
                <![CDATA[2]]>
              </value>
            </param>
            <param index="2">
              <value>
                <![CDATA[$123.20]]>
              </value>
            </param>
            <param index="3">
              <value>
                <![CDATA[Ex Tax: $101.00]]>
              </value>
            </param>
          </params>
          <reporter-output>
          </reporter-output>
        </test-method> <!-- pageflowValidations -->
        <test-method status="PASS" signature="pageflowValidations(java.lang.String, java.lang.String, java.lang.String, java.lang.String)[pri:2, instance:com.atmecs.scripts.TutorialsNinjaScript@6cc4c815]" name="pageflowValidations" duration-ms="6049" started-at="2019-11-14T06:08:43Z" data-provider="TutorialsNinja" finished-at="2019-11-14T06:08:49Z">
          <params>
            <param index="0">
              <value>
                <![CDATA[MacBook Air]]>
              </value>
            </param>
            <param index="1">
              <value>
                <![CDATA[3]]>
              </value>
            </param>
            <param index="2">
              <value>
                <![CDATA[$1,202.00]]>
              </value>
            </param>
            <param index="3">
              <value>
                <![CDATA[Ex Tax: $1,000.00]]>
              </value>
            </param>
          </params>
          <reporter-output>
          </reporter-output>
        </test-method> <!-- pageflowValidations -->
        <test-method status="PASS" signature="cartflowValidations(java.lang.String, java.lang.String, java.lang.String, java.lang.String, java.lang.String)[pri:3, instance:com.atmecs.scripts.TutorialsNinjaScript@6cc4c815]" name="cartflowValidations" duration-ms="7452" started-at="2019-11-14T06:08:49Z" data-provider="TutorialsNinjaCart" finished-at="2019-11-14T06:08:57Z">
          <params>
            <param index="0">
              <value>
                <![CDATA[iPhone]]>
              </value>
            </param>
            <param index="1">
              <value>
                <![CDATA[MacBook Air]]>
              </value>
            </param>
            <param index="2">
              <value>
                <![CDATA[$3,852.40]]>
              </value>
            </param>
            <param index="3">
              <value>
                <![CDATA[$246.40]]>
              </value>
            </param>
            <param index="4">
              <value>
                <![CDATA[NegativeData]]>
              </value>
            </param>
          </params>
          <reporter-output>
          </reporter-output>
        </test-method> <!-- cartflowValidations -->
        <test-method status="PASS" signature="negativeDataValidation(java.lang.String, java.lang.String, java.lang.String, java.lang.String, java.lang.String)[pri:4, instance:com.atmecs.scripts.TutorialsNinjaScript@6cc4c815]" name="negativeDataValidation" duration-ms="938" started-at="2019-11-14T06:08:57Z" data-provider="TutorialsNinjaCart" finished-at="2019-11-14T06:08:58Z">
          <params>
            <param index="0">
              <value>
                <![CDATA[iPhone]]>
              </value>
            </param>
            <param index="1">
              <value>
                <![CDATA[MacBook Air]]>
              </value>
            </param>
            <param index="2">
              <value>
                <![CDATA[$3,852.40]]>
              </value>
            </param>
            <param index="3">
              <value>
                <![CDATA[$246.40]]>
              </value>
            </param>
            <param index="4">
              <value>
                <![CDATA[NegativeData]]>
              </value>
            </param>
          </params>
          <reporter-output>
          </reporter-output>
        </test-method> <!-- negativeDataValidation -->
        <test-method status="PASS" signature="end()[pri:0, instance:com.atmecs.scripts.TutorialsNinjaScript@6cc4c815]" name="end" is-config="true" duration-ms="696" started-at="2019-11-14T06:08:58Z" finished-at="2019-11-14T06:08:58Z">
          <reporter-output>
          </reporter-output>
        </test-method> <!-- end -->
      </class> <!-- com.atmecs.scripts.TutorialsNinjaScript -->
    </test> <!-- Test -->
  </suite> <!-- TutorialsNinjaSuite -->
  <suite name="AssessmentSuite" duration-ms="0" started-at="2019-11-14T06:08:59Z" finished-at="2019-11-14T06:08:59Z">
    <groups>
    </groups>
  </suite> <!-- AssessmentSuite -->
  <suite name="HeatClinicSuite" duration-ms="39775" started-at="2019-11-14T06:07:40Z" finished-at="2019-11-14T06:08:20Z">
    <groups>
    </groups>
    <test name="Test" duration-ms="39775" started-at="2019-11-14T06:07:40Z" finished-at="2019-11-14T06:08:20Z">
      <class name="com.atmecs.scripts.HeatClinic">
        <test-method status="PASS" signature="intitailizeBrowser()[pri:0, instance:com.atmecs.scripts.HeatClinic@3c09711b]" name="intitailizeBrowser" is-config="true" duration-ms="6643" started-at="2019-11-14T06:07:40Z" finished-at="2019-11-14T06:07:46Z">
          <reporter-output>
          </reporter-output>
        </test-method> <!-- intitailizeBrowser -->
        <test-method status="PASS" signature="urlqw()[pri:0, instance:com.atmecs.scripts.HeatClinic@3c09711b]" name="urlqw" is-config="true" duration-ms="6203" started-at="2019-11-14T06:07:46Z" finished-at="2019-11-14T06:07:53Z">
          <reporter-output>
          </reporter-output>
        </test-method> <!-- urlqw -->
        <test-method status="PASS" signature="menuClick(java.lang.String, java.lang.String)[pri:1, instance:com.atmecs.scripts.HeatClinic@3c09711b]" name="menuClick" duration-ms="4636" started-at="2019-11-14T06:07:54Z" data-provider="indexInput" finished-at="2019-11-14T06:07:58Z">
          <params>
            <param index="0">
              <value>
                <![CDATA[2]]>
              </value>
            </param>
            <param index="1">
              <value>
                <![CDATA[Broadleaf Commerce Demo Store - Heat Clinic - Hot Sauces]]>
              </value>
            </param>
          </params>
          <reporter-output>
          </reporter-output>
        </test-method> <!-- menuClick -->
        <test-method status="PASS" signature="menuClick(java.lang.String, java.lang.String)[pri:1, instance:com.atmecs.scripts.HeatClinic@3c09711b]" name="menuClick" duration-ms="4124" started-at="2019-11-14T06:07:58Z" data-provider="indexInput" finished-at="2019-11-14T06:08:02Z">
          <params>
            <param index="0">
              <value>
                <![CDATA[3]]>
              </value>
            </param>
            <param index="1">
              <value>
                <![CDATA[Broadleaf Commerce Demo Store - Heat Clinic - Merchandise]]>
              </value>
            </param>
          </params>
          <reporter-output>
          </reporter-output>
        </test-method> <!-- menuClick -->
        <test-method status="PASS" signature="menuClick(java.lang.String, java.lang.String)[pri:1, instance:com.atmecs.scripts.HeatClinic@3c09711b]" name="menuClick" duration-ms="3699" started-at="2019-11-14T06:08:02Z" data-provider="indexInput" finished-at="2019-11-14T06:08:06Z">
          <params>
            <param index="0">
              <value>
                <![CDATA[4]]>
              </value>
            </param>
            <param index="1">
              <value>
                <![CDATA[Broadleaf Commerce Demo Store - Heat Clinic - Clearance]]>
              </value>
            </param>
          </params>
          <reporter-output>
          </reporter-output>
        </test-method> <!-- menuClick -->
        <test-method status="PASS" signature="menuClick(java.lang.String, java.lang.String)[pri:1, instance:com.atmecs.scripts.HeatClinic@3c09711b]" name="menuClick" duration-ms="3534" started-at="2019-11-14T06:08:06Z" data-provider="indexInput" finished-at="2019-11-14T06:08:10Z">
          <params>
            <param index="0">
              <value>
                <![CDATA[5]]>
              </value>
            </param>
            <param index="1">
              <value>
                <![CDATA[Broadleaf Commerce Demo Store - Heat Clinic - New to Hot Sauce]]>
              </value>
            </param>
          </params>
          <reporter-output>
          </reporter-output>
        </test-method> <!-- menuClick -->
        <test-method status="PASS" signature="menuClick(java.lang.String, java.lang.String)[pri:1, instance:com.atmecs.scripts.HeatClinic@3c09711b]" name="menuClick" duration-ms="3464" started-at="2019-11-14T06:08:10Z" data-provider="indexInput" finished-at="2019-11-14T06:08:13Z">
          <params>
            <param index="0">
              <value>
                <![CDATA[6]]>
              </value>
            </param>
            <param index="1">
              <value>
                <![CDATA[Broadleaf Commerce Demo Store - Heat Clinic - FAQ]]>
              </value>
            </param>
          </params>
          <reporter-output>
          </reporter-output>
        </test-method> <!-- menuClick -->
        <test-method status="PASS" signature="menuTravelTest(java.lang.String, java.lang.String, java.lang.String, java.lang.String, java.lang.String, java.lang.String, java.lang.String, java.lang.String, java.lang.String, java.lang.String)[pri:2, instance:com.atmecs.scripts.HeatClinic@3c09711b]" name="menuTravelTest" duration-ms="5607" started-at="2019-11-14T06:08:13Z" data-provider="logindata" finished-at="2019-11-14T06:08:19Z">
          <params>
            <param index="0">
              <value>
                <![CDATA[Viewing Mens (1 - 3 of 3)]]>
              </value>
            </param>
            <param index="1">
              <value>
                <![CDATA[rishav]]>
              </value>
            </param>
            <param index="2">
              <value>
                <![CDATA[Hawt Like a Habanero Shirt (Men's)]]>
              </value>
            </param>
            <param index="3">
              <value>
                <![CDATA[Shirt Size: M]]>
              </value>
            </param>
            <param index="4">
              <value>
                <![CDATA[Personalized Name: rishav]]>
              </value>
            </param>
            <param index="5">
              <value>
                <![CDATA[Shirt Color: Red]]>
              </value>
            </param>
            <param index="6">
              <value>
                <![CDATA[2]]>
              </value>
            </param>
            <param index="7">
              <value>
                <![CDATA[$29.98]]>
              </value>
            </param>
            <param index="8">
              <value>
                <![CDATA[14.99]]>
              </value>
            </param>
            <param index="9">
              <value>
                <![CDATA[29.98]]>
              </value>
            </param>
          </params>
          <reporter-output>
          </reporter-output>
        </test-method> <!-- menuTravelTest -->
        <test-method status="PASS" signature="end()[pri:0, instance:com.atmecs.scripts.HeatClinic@3c09711b]" name="end" is-config="true" duration-ms="749" started-at="2019-11-14T06:08:19Z" finished-at="2019-11-14T06:08:20Z">
          <reporter-output>
          </reporter-output>
        </test-method> <!-- end -->
      </class> <!-- com.atmecs.scripts.HeatClinic -->
    </test> <!-- Test -->
  </suite> <!-- HeatClinicSuite -->
</testng-results>
