<?xml version="1.0" encoding="UTF-8"?>
<testsuite xmlns:xsi="http://www.w3.org/2001/XMLSchema-instance" xsi:noNamespaceSchemaLocation="https://maven.apache.org/surefire/maven-surefire-plugin/xsd/surefire-test-report-3.0.xsd" version="3.0" name="TestSuite" time="79.281" tests="11" errors="0" skipped="0" failures="0">
  <properties>
[...]
</properties>
  <testcase name="menuClick" classname="com.atmecs.scripts.HeatClinic" time="4.638"/>
  <testcase name="menuClick" classname="com.atmecs.scripts.HeatClinic" time="4.122"/>
  <testcase name="menuClick" classname="com.atmecs.scripts.HeatClinic" time="3.7"/>
  <testcase name="menuClick" classname="com.atmecs.scripts.HeatClinic" time="3.534"/>
  <testcase name="menuClick" classname="com.atmecs.scripts.HeatClinic" time="3.464"/>
  <testcase name="menuTravelTest" classname="com.atmecs.scripts.HeatClinic" time="5.608"/>
  <testcase name="homePageLandingValidation" classname="com.atmecs.scripts.TutorialsNinjaScript" time="0.099"/>
  <testcase name="pageflowValidations" classname="com.atmecs.scripts.TutorialsNinjaScript" time="9.065"/>
  <testcase name="pageflowValidations" classname="com.atmecs.scripts.TutorialsNinjaScript" time="6.049"/>
  <testcase name="cartflowValidations" classname="com.atmecs.scripts.TutorialsNinjaScript" time="7.451"/>
  <testcase name="negativeDataValidation" classname="com.atmecs.scripts.TutorialsNinjaScript" time="0.937"/>
</testsuite>