<?xml version="1.0" encoding="UTF-8"?>
<!-- Generated by org.testng.reporters.JUnitXMLReporter -->
<testsuite hostname="ATMECSINLT-033" ignored="0" name="Test" tests="6" failures="0" timestamp="12 Nov 2019 09:14:28 GMT" time="42.761" errors="0">
  <testcase name="menuClick" time="3.929" classname="com.atmecs.scripts.HeatClinic"/>
  <testcase name="menuClick" time="3.702" classname="com.atmecs.scripts.HeatClinic"/>
  <testcase name="menuClick" time="3.493" classname="com.atmecs.scripts.HeatClinic"/>
  <testcase name="menuClick" time="3.479" classname="com.atmecs.scripts.HeatClinic"/>
  <testcase name="menuClick" time="3.72" classname="com.atmecs.scripts.HeatClinic"/>
  <testcase name="menuTravelTest" time="11.704" classname="com.atmecs.scripts.HeatClinic"/>
</testsuite> <!-- Test -->
