<?xml version="1.0" encoding="UTF-8"?>
<!-- Generated by org.testng.reporters.JUnitXMLReporter -->
<testsuite hostname="ATMECSINLT-033" ignored="0" name="Test" tests="6" failures="0" timestamp="14 Nov 2019 06:05:00 GMT" time="38.53" errors="0">
  <testcase name="menuClick" time="4.532" classname="com.atmecs.scripts.HeatClinic"/>
  <testcase name="menuClick" time="3.7" classname="com.atmecs.scripts.HeatClinic"/>
  <testcase name="menuClick" time="4.286" classname="com.atmecs.scripts.HeatClinic"/>
  <testcase name="menuClick" time="3.512" classname="com.atmecs.scripts.HeatClinic"/>
  <testcase name="menuClick" time="3.6" classname="com.atmecs.scripts.HeatClinic"/>
  <testcase name="menuTravelTest" time="5.702" classname="com.atmecs.scripts.HeatClinic"/>
</testsuite> <!-- Test -->
